<?xml version="1.0" encoding="UTF-8"?>
<!-- Generated by org.testng.reporters.JUnitReportReporter -->
<testsuite hostname="DESKTOP-CM6GMVP" failures="0" tests="3" name="rahulshettyacademy.tests.SubmitOrderTest" time="18.038" errors="0" timestamp="2024-08-09T12:39:40 IST" skipped="0">
  <testcase classname="rahulshettyacademy.tests.SubmitOrderTest" name="submitOrder" time="6.562"/>
  <testcase classname="rahulshettyacademy.tests.SubmitOrderTest" name="submitOrder" time="7.811"/>
  <testcase classname="rahulshettyacademy.tests.SubmitOrderTest" name="OrderHistoryTest" time="3.665"/>
</testsuite> <!-- rahulshettyacademy.tests.SubmitOrderTest -->
